<?xml version="1.0" encoding="UTF-8"?>
<!-- Generated by org.testng.reporters.JUnitXMLReporter -->
<testsuite hostname="DESKTOP-KR39H6Q" ignored="0" name="Default test" tests="6" failures="0" timestamp="2021-04-03T18:55:01 EET" time="214.682" errors="0">
  <testcase name="Tweet_GIF_Negative" time="6.415" classname="twitterTest.Vodafone_TwitterTask"/>
  <testcase name="Tweet_GIF_Positive" time="6.725" classname="twitterTest.Vodafone_TwitterTask"/>
  <testcase name="Tweet_Poll_Positive" time="3.468" classname="twitterTest.Vodafone_TwitterTask"/>
  <testcase name="Tweet_Text_LessThan_or_Equal_Positive" time="35.367" classname="twitterTest.Vodafone_TwitterTask"/>
  <testcase name="Tweet_Text_MoreThan_Negative" time="7.118" classname="twitterTest.Vodafone_TwitterTask"/>
  <testcase name="Tweet_TwoConsecutiveIdenticalTweets_Negative" time="32.978" classname="twitterTest.Vodafone_TwitterTask"/>
</testsuite> <!-- Default test -->
